<?xml version="1.0" encoding="UTF-8"?>
<testng-results ignored="0" total="1" passed="1" failed="0" skipped="0">
  <reporter-output>
  </reporter-output>
  <suite started-at="2024-07-16T15:57:42 IST" name="Suite" finished-at="2024-07-16T15:58:01 IST" duration-ms="19860">
    <groups>
    </groups>
    <test started-at="2024-07-16T15:57:42 IST" name="Test" finished-at="2024-07-16T15:58:01 IST" duration-ms="19860">
      <class name="ParaBank_Testcases.PB_TC_Register_001">
        <test-method is-config="true" signature="openApplication(java.lang.String,java.lang.String)[pri:0, instance:ParaBank_Testcases.PB_TC_Register_001@35dab4eb]" started-at="2024-07-16T15:57:42 IST" name="openApplication" finished-at="2024-07-16T15:57:56 IST" duration-ms="13466" status="PASS">
          <params>
            <param index="0">
              <value>
                <![CDATA[chrome]]>
              </value>
            </param>
            <param index="1">
              <value>
                <![CDATA[https://parabank.parasoft.com/parabank/index.htm]]>
              </value>
            </param>
          </params>
          <reporter-output>
          </reporter-output>
        </test-method> <!-- openApplication -->
        <test-method signature="Registertest()[pri:0, instance:ParaBank_Testcases.PB_TC_Register_001@35dab4eb]" started-at="2024-07-16T15:57:56 IST" name="Registertest" finished-at="2024-07-16T15:58:01 IST" duration-ms="5612" status="PASS">
          <reporter-output>
          </reporter-output>
        </test-method> <!-- Registertest -->
      </class> <!-- ParaBank_Testcases.PB_TC_Register_001 -->
    </test> <!-- Test -->
  </suite> <!-- Suite -->
</testng-results>
